<?xml version="1.0" encoding="UTF-8"?>
<testsuite name="com.barclaycardus.cucumber.RunCukesTest" time="0.02" tests="16" errors="2" skipped="4" failures="0">
  <properties>
    <property name="java.runtime.name" value="Java(TM) SE Runtime Environment"/>
    <property name="sun.boot.library.path" value="C:\Program Files\Java\jdk1.8.0_60\jre\bin"/>
    <property name="java.vm.version" value="25.60-b23"/>
    <property name="java.vm.vendor" value="Oracle Corporation"/>
    <property name="maven.multiModuleProjectDirectory" value="C:\Users\Juhil\IdeaProjects\ConsumerLanding"/>
    <property name="java.vendor.url" value="http://java.oracle.com/"/>
    <property name="path.separator" value=";"/>
    <property name="guice.disable.misplaced.annotation.check" value="true"/>
    <property name="java.vm.name" value="Java HotSpot(TM) 64-Bit Server VM"/>
    <property name="file.encoding.pkg" value="sun.io"/>
    <property name="user.script" value=""/>
    <property name="env" value="PRODUCTION"/>
    <property name="user.country" value="US"/>
    <property name="sun.java.launcher" value="SUN_STANDARD"/>
    <property name="sun.os.patch.level" value=""/>
    <property name="java.vm.specification.name" value="Java Virtual Machine Specification"/>
    <property name="user.dir" value="C:\Users\Juhil\IdeaProjects\ConsumerLanding"/>
    <property name="java.runtime.version" value="1.8.0_60-b27"/>
    <property name="java.awt.graphicsenv" value="sun.awt.Win32GraphicsEnvironment"/>
    <property name="java.endorsed.dirs" value="C:\Program Files\Java\jdk1.8.0_60\jre\lib\endorsed"/>
    <property name="os.arch" value="amd64"/>
    <property name="java.io.tmpdir" value="C:\Users\Juhil\AppData\Local\Temp\"/>
    <property name="line.separator" value="&#10;"/>
    <property name="java.vm.specification.vendor" value="Oracle Corporation"/>
    <property name="user.variant" value=""/>
    <property name="os.name" value="Windows 8.1"/>
    <property name="classworlds.conf" value="C:\Users\Juhil\IdeaProjects\apache-maven-3.3.9\bin\..\bin\m2.conf"/>
    <property name="sun.jnu.encoding" value="Cp1252"/>
    <property name="java.library.path" value="C:\Program Files\Java\jdk1.8.0_60\bin;C:\WINDOWS\Sun\Java\bin;C:\WINDOWS\system32;C:\WINDOWS;C:\ProgramData\Oracle\Java\javapath;C:\Program Files (x86)\Intel\iCLS Client\;C:\Program Files\Intel\iCLS Client\;C:\WINDOWS\system32;C:\WINDOWS;C:\WINDOWS\System32\Wbem;C:\WINDOWS\System32\WindowsPowerShell\v1.0\;C:\Program Files\Hewlett-Packard\SimplePass\;C:\Program Files\Intel\Intel(R) Management Engine Components\DAL;C:\Program Files\Intel\Intel(R) Management Engine Components\IPT;C:\Program Files (x86)\Intel\Intel(R) Management Engine Components\DAL;C:\Program Files (x86)\Intel\Intel(R) Management Engine Components\IPT;C:\Program Files (x86)\Skype\Phone\;C:\WINDOWS\system32\config\systemprofile\.dnx\bin;C:\Program Files\Microsoft DNX\Dnvm\;C:\Program Files\Microsoft SQL Server\120\Tools\Binn\;C:\Program Files\Microsoft SQL Server\130\Tools\Binn\;C:\Program Files (x86)\Windows Kits\10\Windows Performance Toolkit\;C:\Program Files\Git\cmd;C:\Program Files\Git\mingw64\bin;C:\Program Files\Git\usr\bin;C:\Users\Juhil\IdeaProjects\apache-maven-3.3.9\bin;C:\Program Files\Git\cmd;."/>
    <property name="java.specification.name" value="Java Platform API Specification"/>
    <property name="java.class.version" value="52.0"/>
    <property name="sun.management.compiler" value="HotSpot 64-Bit Tiered Compilers"/>
    <property name="os.version" value="6.3"/>
    <property name="user.home" value="C:\Users\Juhil"/>
    <property name="user.timezone" value="America/New_York"/>
    <property name="java.awt.printerjob" value="sun.awt.windows.WPrinterJob"/>
    <property name="java.specification.version" value="1.8"/>
    <property name="file.encoding" value="Cp1252"/>
    <property name="user.name" value="Juhil"/>
    <property name="java.class.path" value="C:\Users\Juhil\IdeaProjects\apache-maven-3.3.9\bin\..\boot\plexus-classworlds-2.5.2.jar"/>
    <property name="java.vm.specification.version" value="1.8"/>
    <property name="sun.arch.data.model" value="64"/>
    <property name="java.home" value="C:\Program Files\Java\jdk1.8.0_60\jre"/>
    <property name="sun.java.command" value="org.codehaus.plexus.classworlds.launcher.Launcher test -Denv=PRODUCTION"/>
    <property name="java.specification.vendor" value="Oracle Corporation"/>
    <property name="user.language" value="en"/>
    <property name="awt.toolkit" value="sun.awt.windows.WToolkit"/>
    <property name="java.vm.info" value="mixed mode"/>
    <property name="java.version" value="1.8.0_60"/>
    <property name="java.ext.dirs" value="C:\Program Files\Java\jdk1.8.0_60\jre\lib\ext;C:\WINDOWS\Sun\Java\lib\ext"/>
    <property name="sun.boot.class.path" value="C:\Program Files\Java\jdk1.8.0_60\jre\lib\resources.jar;C:\Program Files\Java\jdk1.8.0_60\jre\lib\rt.jar;C:\Program Files\Java\jdk1.8.0_60\jre\lib\sunrsasign.jar;C:\Program Files\Java\jdk1.8.0_60\jre\lib\jsse.jar;C:\Program Files\Java\jdk1.8.0_60\jre\lib\jce.jar;C:\Program Files\Java\jdk1.8.0_60\jre\lib\charsets.jar;C:\Program Files\Java\jdk1.8.0_60\jre\lib\jfr.jar;C:\Program Files\Java\jdk1.8.0_60\jre\classes"/>
    <property name="sun.stderr.encoding" value="cp437"/>
    <property name="java.vendor" value="Oracle Corporation"/>
    <property name="maven.home" value="C:\Users\Juhil\IdeaProjects\apache-maven-3.3.9\bin\.."/>
    <property name="file.separator" value="\"/>
    <property name="java.vendor.url.bug" value="http://bugreport.sun.com/bugreport/"/>
    <property name="sun.cpu.endian" value="little"/>
    <property name="sun.io.unicode.encoding" value="UnicodeLittle"/>
    <property name="sun.stdout.encoding" value="cp437"/>
    <property name="sun.desktop" value="windows"/>
    <property name="sun.cpu.isalist" value="amd64"/>
  </properties>
  <testcase name="Given a AUTODECLINE_ACTOR applies for consumer Loan" classname="Scenario: Auto Decline actor-Loan Declined" time="0.002"/>
  <testcase name="When he logs into the application tracker" classname="Scenario: Auto Decline actor-Loan Declined" time="0"/>
  <testcase name="Then his loan application status should be DECLINED" classname="Scenario: Auto Decline actor-Loan Declined" time="0"/>
  <testcase name="Scenario: Auto Decline actor-Loan Declined" classname="Scenario: Auto Decline actor-Loan Declined" time="0.001"/>
  <testcase name="Given I go to &quot;loginURL&quot; on &quot;Mozilla&quot;" classname="Scenario: Logging in salesforce" time="0"/>
  <testcase name="And I enter &quot;loginusername&quot; as &quot;sayem4@gmail.com&quot;" classname="Scenario: Logging in salesforce" time="0"/>
  <testcase name="And I enter &quot;lognpassword&quot; as &quot;sami3092&quot;" classname="Scenario: Logging in salesforce" time="0"/>
  <testcase name="And I click on &quot;loginbutton&quot;" classname="Scenario: Logging in salesforce" time="0"/>
  <testcase name="Then Login should be &quot;success&quot;" classname="Scenario: Logging in salesforce" time="0"/>
  <testcase name="Scenario: Logging in salesforce" classname="Scenario: Logging in salesforce" time="0"/>
  <testcase name="Given &quot;POSITIVE_ACTOR&quot; go to &quot;http://automationpractice.com/index.php&quot; on &quot;Chrome&quot;" classname="Scenario: Sign up" time="0.008">
    <error message="unknown error: keys should be a string&#10;  (Session info: chrome=59.0.3071.115)&#10;  (Driver info: chromedriver=2.29.461591 (62ebf098771772160f391d75e589dc567915b233),platform=Windows NT 6.3.9600 x86_64) (WARNING: The server did not provide any stacktrace information)&#10;Command duration or timeout: 51 milliseconds&#10;Build info: version: &apos;2.46.0&apos;, revision: &apos;61506a4624b13675f24581e453592342b7485d71&apos;, time: &apos;2015-06-04 10:22:50&apos;&#10;System info: host: &apos;juhil-pc&apos;, ip: &apos;192.168.0.14&apos;, os.name: &apos;Windows 8.1&apos;, os.arch: &apos;amd64&apos;, os.version: &apos;6.3&apos;, java.version: &apos;1.8.0_60&apos;&#10;Driver info: org.openqa.selenium.chrome.ChromeDriver&#10;Capabilities [{applicationCacheEnabled=false, rotatable=false, mobileEmulationEnabled=false, networkConnectionEnabled=false, chrome={chromedriverVersion=2.29.461591 (62ebf098771772160f391d75e589dc567915b233), userDataDir=C:\Users\Juhil\AppData\Local\Temp\scoped_dir20520_10752}, takesHeapSnapshot=true, pageLoadStrategy=normal, databaseEnabled=false, handlesAlerts=true, hasTouchScreen=false, version=59.0.3071.115, platform=WIN8_1, browserConnectionEnabled=false, nativeEvents=true, acceptSslCerts=true, locationContextEnabled=true, webStorageEnabled=true, browserName=chrome, takesScreenshot=true, javascriptEnabled=true, cssSelectorsEnabled=true, unexpectedAlertBehaviour=}]&#10;Session ID: a9fb73f0853483618a1d20e86c3d1824" type="org.openqa.selenium.WebDriverException">org.openqa.selenium.WebDriverException: unknown error: keys should be a string
  (Session info: chrome=59.0.3071.115)
  (Driver info: chromedriver=2.29.461591 (62ebf098771772160f391d75e589dc567915b233),platform=Windows NT 6.3.9600 x86_64) (WARNING: The server did not provide any stacktrace information)
Command duration or timeout: 51 milliseconds
Build info: version: '2.46.0', revision: '61506a4624b13675f24581e453592342b7485d71', time: '2015-06-04 10:22:50'
System info: host: 'juhil-pc', ip: '192.168.0.14', os.name: 'Windows 8.1', os.arch: 'amd64', os.version: '6.3', java.version: '1.8.0_60'
Driver info: org.openqa.selenium.chrome.ChromeDriver
Capabilities [{applicationCacheEnabled=false, rotatable=false, mobileEmulationEnabled=false, networkConnectionEnabled=false, chrome={chromedriverVersion=2.29.461591 (62ebf098771772160f391d75e589dc567915b233), userDataDir=C:\Users\Juhil\AppData\Local\Temp\scoped_dir20520_10752}, takesHeapSnapshot=true, pageLoadStrategy=normal, databaseEnabled=false, handlesAlerts=true, hasTouchScreen=false, version=59.0.3071.115, platform=WIN8_1, browserConnectionEnabled=false, nativeEvents=true, acceptSslCerts=true, locationContextEnabled=true, webStorageEnabled=true, browserName=chrome, takesScreenshot=true, javascriptEnabled=true, cssSelectorsEnabled=true, unexpectedAlertBehaviour=}]
Session ID: a9fb73f0853483618a1d20e86c3d1824
	at sun.reflect.NativeConstructorAccessorImpl.newInstance0(Native Method)
	at sun.reflect.NativeConstructorAccessorImpl.newInstance(NativeConstructorAccessorImpl.java:62)
	at sun.reflect.DelegatingConstructorAccessorImpl.newInstance(DelegatingConstructorAccessorImpl.java:45)
	at java.lang.reflect.Constructor.newInstance(Constructor.java:422)
	at org.openqa.selenium.remote.ErrorHandler.createThrowable(ErrorHandler.java:204)
	at org.openqa.selenium.remote.ErrorHandler.throwIfResponseFailed(ErrorHandler.java:156)
	at org.openqa.selenium.remote.RemoteWebDriver.execute(RemoteWebDriver.java:605)
	at org.openqa.selenium.remote.RemoteWebElement.execute(RemoteWebElement.java:269)
	at org.openqa.selenium.remote.RemoteWebElement.sendKeys(RemoteWebElement.java:90)
	at sun.reflect.GeneratedMethodAccessor15.invoke(Unknown Source)
	at sun.reflect.DelegatingMethodAccessorImpl.invoke(DelegatingMethodAccessorImpl.java:43)
	at java.lang.reflect.Method.invoke(Method.java:497)
	at org.openqa.selenium.support.events.EventFiringWebDriver$EventFiringWebElement$1.invoke(EventFiringWebDriver.java:332)
	at com.sun.proxy.$Proxy51.sendKeys(Unknown Source)
	at org.openqa.selenium.support.events.EventFiringWebDriver$EventFiringWebElement.sendKeys(EventFiringWebDriver.java:355)
	at sun.reflect.GeneratedMethodAccessor15.invoke(Unknown Source)
	at sun.reflect.DelegatingMethodAccessorImpl.invoke(DelegatingMethodAccessorImpl.java:43)
	at java.lang.reflect.Method.invoke(Method.java:497)
	at org.openqa.selenium.support.pagefactory.internal.LocatingElementHandler.invoke(LocatingElementHandler.java:51)
	at com.sun.proxy.$Proxy50.sendKeys(Unknown Source)
	at com.barclaycardus.e2e.ui.pages.ShoppingCart.FillUpCreateAnAccountPage.fillUpCreateAnAccountPage(FillUpCreateAnAccountPage.java:127)
	at com.barclaycardus.domain.ui.helpers.ShoppingCartUIHelper.submitASignUpApplication(ShoppingCartUIHelper.java:35)
	at com.barclaycardus.cucumber.steps.ShoppingSteps.go_to_on(ShoppingSteps.java:28)
	at ✽.Given "POSITIVE_ACTOR" go to "http://automationpractice.com/index.php" on "Chrome"(features/Shopping.feature:12)
</error>
    <system-out><![CDATA[2017-07-19 22:09:01.991  INFO 7692 --- [           main] o.s.t.c.s.DefaultTestContextBootstrapper : Could not instantiate TestExecutionListener [org.springframework.test.context.transaction.TransactionalTestExecutionListener]. Specify custom listener classes or make the default listener classes (and their required dependencies) available. Offending class: [org/springframework/transaction/interceptor/TransactionAttributeSource]
2017-07-19 22:09:01.992  INFO 7692 --- [           main] o.s.t.c.s.DefaultTestContextBootstrapper : Could not instantiate TestExecutionListener [org.springframework.test.context.jdbc.SqlScriptsTestExecutionListener]. Specify custom listener classes or make the default listener classes (and their required dependencies) available. Offending class: [org/springframework/transaction/interceptor/TransactionAttribute]
2017-07-19 22:09:01.992  INFO 7692 --- [           main] o.s.t.c.s.DefaultTestContextBootstrapper : Using TestExecutionListeners: [org.springframework.boot.test.IntegrationTestPropertiesListener@6fd12c5, org.springframework.test.context.support.DependencyInjectionTestExecutionListener@1de0a46c, org.springframework.test.context.support.DirtiesContextTestExecutionListener@4d1f1ff5]
2017-07-19 22:09:01.992  INFO 7692 --- [           main] o.s.b.f.s.DefaultListableBeanFactory     : Replacing scope 'cucumber-glue' from [cucumber.runtime.java.spring.GlueCodeScope@38fc5554] to [cucumber.runtime.java.spring.GlueCodeScope@222afc67]

  Scenario: Logging in salesforce                     &amp#27;[90m# features/Shopping.feature:3&amp#27;[0m
    &amp#27;[32mGiven &amp#27;[0m&amp#27;[32mI go to "&amp#27;[0m&amp#27;[32m&amp#27;[1mloginURL&amp#27;[0m&amp#27;[32m" on "&amp#27;[0m&amp#27;[32m&amp#27;[1mMozilla&amp#27;[0m&amp#27;[32m"&amp#27;[0m             &amp#27;[90m# ShoppingSteps.i_go_to_on(String,String)&amp#27;[0m
    &amp#27;[32mAnd &amp#27;[0m&amp#27;[32mI enter "&amp#27;[0m&amp#27;[32m&amp#27;[1mloginusername&amp#27;[0m&amp#27;[32m" as "&amp#27;[0m&amp#27;[32m&amp#27;[1msayem4@gmail.com&amp#27;[0m&amp#27;[32m"&amp#27;[0m &amp#27;[90m# ShoppingSteps.i_enter_as(String,String)&amp#27;[0m
    &amp#27;[32mAnd &amp#27;[0m&amp#27;[32mI enter "&amp#27;[0m&amp#27;[32m&amp#27;[1mlognpassword&amp#27;[0m&amp#27;[32m" as "&amp#27;[0m&amp#27;[32m&amp#27;[1msami3092&amp#27;[0m&amp#27;[32m"&amp#27;[0m          &amp#27;[90m# ShoppingSteps.i_enter_as(String,String)&amp#27;[0m
    &amp#27;[32mAnd &amp#27;[0m&amp#27;[32mI click on "&amp#27;[0m&amp#27;[32m&amp#27;[1mloginbutton&amp#27;[0m&amp#27;[32m"&amp#27;[0m                      &amp#27;[90m# ShoppingSteps.i_click_on(String)&amp#27;[0m
    &amp#27;[32mThen &amp#27;[0m&amp#27;[32mLogin should be "&amp#27;[0m&amp#27;[32m&amp#27;[1msuccess&amp#27;[0m&amp#27;[32m"&amp#27;[0m                    &amp#27;[90m# ShoppingSteps.login_should_be(String)&amp#27;[0m
key:API
Journey:API
key:API
Email id  ::username379@gmail.com
URL trying ro hit :http://automationpractice.com/
BASE URL:http://automationpractice.com/
Able to load element successfully
Wait for page to loadSignInLink
Waiting successsfully
Link Text:Sign in
Wait for page to loademail_create
Waiting successsfully
email id ::username379@gmail.com
Wait for page to loadsubmitAccount
Waiting successsfully
]]></system-out>
    <system-err><![CDATA[Starting ChromeDriver 2.29.461591 (62ebf098771772160f391d75e589dc567915b233) on port 5231
Only local connections are allowed.
]]></system-err>
  </testcase>
  <testcase name="Scenario: Sign up" classname="Scenario: Sign up" time="0.009">
    <error message="unknown error: keys should be a string&#10;  (Session info: chrome=59.0.3071.115)&#10;  (Driver info: chromedriver=2.29.461591 (62ebf098771772160f391d75e589dc567915b233),platform=Windows NT 6.3.9600 x86_64) (WARNING: The server did not provide any stacktrace information)&#10;Command duration or timeout: 51 milliseconds&#10;Build info: version: &apos;2.46.0&apos;, revision: &apos;61506a4624b13675f24581e453592342b7485d71&apos;, time: &apos;2015-06-04 10:22:50&apos;&#10;System info: host: &apos;juhil-pc&apos;, ip: &apos;192.168.0.14&apos;, os.name: &apos;Windows 8.1&apos;, os.arch: &apos;amd64&apos;, os.version: &apos;6.3&apos;, java.version: &apos;1.8.0_60&apos;&#10;Driver info: org.openqa.selenium.chrome.ChromeDriver&#10;Capabilities [{applicationCacheEnabled=false, rotatable=false, mobileEmulationEnabled=false, networkConnectionEnabled=false, chrome={chromedriverVersion=2.29.461591 (62ebf098771772160f391d75e589dc567915b233), userDataDir=C:\Users\Juhil\AppData\Local\Temp\scoped_dir20520_10752}, takesHeapSnapshot=true, pageLoadStrategy=normal, databaseEnabled=false, handlesAlerts=true, hasTouchScreen=false, version=59.0.3071.115, platform=WIN8_1, browserConnectionEnabled=false, nativeEvents=true, acceptSslCerts=true, locationContextEnabled=true, webStorageEnabled=true, browserName=chrome, takesScreenshot=true, javascriptEnabled=true, cssSelectorsEnabled=true, unexpectedAlertBehaviour=}]&#10;Session ID: a9fb73f0853483618a1d20e86c3d1824" type="org.openqa.selenium.WebDriverException">org.openqa.selenium.WebDriverException: unknown error: keys should be a string
  (Session info: chrome=59.0.3071.115)
  (Driver info: chromedriver=2.29.461591 (62ebf098771772160f391d75e589dc567915b233),platform=Windows NT 6.3.9600 x86_64) (WARNING: The server did not provide any stacktrace information)
Command duration or timeout: 51 milliseconds
Build info: version: '2.46.0', revision: '61506a4624b13675f24581e453592342b7485d71', time: '2015-06-04 10:22:50'
System info: host: 'juhil-pc', ip: '192.168.0.14', os.name: 'Windows 8.1', os.arch: 'amd64', os.version: '6.3', java.version: '1.8.0_60'
Driver info: org.openqa.selenium.chrome.ChromeDriver
Capabilities [{applicationCacheEnabled=false, rotatable=false, mobileEmulationEnabled=false, networkConnectionEnabled=false, chrome={chromedriverVersion=2.29.461591 (62ebf098771772160f391d75e589dc567915b233), userDataDir=C:\Users\Juhil\AppData\Local\Temp\scoped_dir20520_10752}, takesHeapSnapshot=true, pageLoadStrategy=normal, databaseEnabled=false, handlesAlerts=true, hasTouchScreen=false, version=59.0.3071.115, platform=WIN8_1, browserConnectionEnabled=false, nativeEvents=true, acceptSslCerts=true, locationContextEnabled=true, webStorageEnabled=true, browserName=chrome, takesScreenshot=true, javascriptEnabled=true, cssSelectorsEnabled=true, unexpectedAlertBehaviour=}]
Session ID: a9fb73f0853483618a1d20e86c3d1824
	at sun.reflect.NativeConstructorAccessorImpl.newInstance0(Native Method)
	at sun.reflect.NativeConstructorAccessorImpl.newInstance(NativeConstructorAccessorImpl.java:62)
	at sun.reflect.DelegatingConstructorAccessorImpl.newInstance(DelegatingConstructorAccessorImpl.java:45)
	at java.lang.reflect.Constructor.newInstance(Constructor.java:422)
	at org.openqa.selenium.remote.ErrorHandler.createThrowable(ErrorHandler.java:204)
	at org.openqa.selenium.remote.ErrorHandler.throwIfResponseFailed(ErrorHandler.java:156)
	at org.openqa.selenium.remote.RemoteWebDriver.execute(RemoteWebDriver.java:605)
	at org.openqa.selenium.remote.RemoteWebElement.execute(RemoteWebElement.java:269)
	at org.openqa.selenium.remote.RemoteWebElement.sendKeys(RemoteWebElement.java:90)
	at sun.reflect.GeneratedMethodAccessor15.invoke(Unknown Source)
	at sun.reflect.DelegatingMethodAccessorImpl.invoke(DelegatingMethodAccessorImpl.java:43)
	at java.lang.reflect.Method.invoke(Method.java:497)
	at org.openqa.selenium.support.events.EventFiringWebDriver$EventFiringWebElement$1.invoke(EventFiringWebDriver.java:332)
	at com.sun.proxy.$Proxy51.sendKeys(Unknown Source)
	at org.openqa.selenium.support.events.EventFiringWebDriver$EventFiringWebElement.sendKeys(EventFiringWebDriver.java:355)
	at sun.reflect.GeneratedMethodAccessor15.invoke(Unknown Source)
	at sun.reflect.DelegatingMethodAccessorImpl.invoke(DelegatingMethodAccessorImpl.java:43)
	at java.lang.reflect.Method.invoke(Method.java:497)
	at org.openqa.selenium.support.pagefactory.internal.LocatingElementHandler.invoke(LocatingElementHandler.java:51)
	at com.sun.proxy.$Proxy50.sendKeys(Unknown Source)
	at com.barclaycardus.e2e.ui.pages.ShoppingCart.FillUpCreateAnAccountPage.fillUpCreateAnAccountPage(FillUpCreateAnAccountPage.java:127)
	at com.barclaycardus.domain.ui.helpers.ShoppingCartUIHelper.submitASignUpApplication(ShoppingCartUIHelper.java:35)
	at com.barclaycardus.cucumber.steps.ShoppingSteps.go_to_on(ShoppingSteps.java:28)
	at ✽.Given "POSITIVE_ACTOR" go to "http://automationpractice.com/index.php" on "Chrome"(features/Shopping.feature:12)
</error>
  </testcase>
  <testcase name="And I click on &quot;Sign in&quot; section" classname="Scenario: Sign up" time="0">
    <skipped/>
  </testcase>
  <testcase name="And I enter &quot;email id&quot; as &quot;juhilpatel8@gmail.com&quot;" classname="Scenario: Sign up" time="0">
    <skipped/>
  </testcase>
  <testcase name="And I click on &quot;create an account&quot; button" classname="Scenario: Sign up" time="0">
    <skipped/>
  </testcase>
  <testcase name="And Enter personal information" classname="Scenario: Sign up" time="0">
    <skipped/>
  </testcase>
</testsuite>